<?xml version="1.0" encoding="UTF-8"?>
<testng-results ignored="0" total="2" passed="2" failed="0" skipped="0">
  <reporter-output>
  </reporter-output>
  <suite started-at="2022-09-06T15:29:37 IST" name="com.facebook.qa.test.LoginPageTest" finished-at="2022-09-06T15:29:52 IST" duration-ms="15561">
    <groups>
    </groups>
    <test started-at="2022-09-06T15:29:37 IST" name="Command line test" finished-at="2022-09-06T15:29:52 IST" duration-ms="15561">
      <class name="com.facebook.qa.test.LoginPageTest">
        <test-method is-config="true" signature="setUp()[pri:0, instance:com.facebook.qa.test.LoginPageTest@7068e664]" started-at="2022-09-06T15:29:37 IST" name="setUp" finished-at="2022-09-06T15:29:47 IST" duration-ms="9665" status="PASS">
          <reporter-output>
          </reporter-output>
        </test-method> <!-- setUp -->
        <test-method signature="FB_logoTest()[pri:1, instance:com.facebook.qa.test.LoginPageTest@7068e664]" started-at="2022-09-06T15:29:47 IST" name="FB_logoTest" finished-at="2022-09-06T15:29:47 IST" duration-ms="235" status="PASS">
          <reporter-output>
          </reporter-output>
        </test-method> <!-- FB_logoTest -->
        <test-method is-config="true" signature="tearDown()[pri:0, instance:com.facebook.qa.test.LoginPageTest@7068e664]" started-at="2022-09-06T15:29:47 IST" name="tearDown" finished-at="2022-09-06T15:29:48 IST" duration-ms="399" status="PASS">
          <reporter-output>
          </reporter-output>
        </test-method> <!-- tearDown -->
        <test-method is-config="true" signature="setUp()[pri:0, instance:com.facebook.qa.test.LoginPageTest@7068e664]" started-at="2022-09-06T15:29:48 IST" name="setUp" finished-at="2022-09-06T15:29:51 IST" duration-ms="3873" status="PASS">
          <reporter-output>
          </reporter-output>
        </test-method> <!-- setUp -->
        <test-method signature="loginTest()[pri:2, instance:com.facebook.qa.test.LoginPageTest@7068e664]" started-at="2022-09-06T15:29:52 IST" name="loginTest" finished-at="2022-09-06T15:29:52 IST" duration-ms="605" status="PASS">
          <reporter-output>
          </reporter-output>
        </test-method> <!-- loginTest -->
        <test-method is-config="true" signature="tearDown()[pri:0, instance:com.facebook.qa.test.LoginPageTest@7068e664]" started-at="2022-09-06T15:29:52 IST" name="tearDown" finished-at="2022-09-06T15:29:52 IST" duration-ms="338" status="PASS">
          <reporter-output>
          </reporter-output>
        </test-method> <!-- tearDown -->
      </class> <!-- com.facebook.qa.test.LoginPageTest -->
    </test> <!-- Command line test -->
  </suite> <!-- com.facebook.qa.test.LoginPageTest -->
</testng-results>
